This file contains any messages produced by compilers while
running configure, to aid debugging if configure makes a mistake.

It was created by liboperaciones configure 1.0, which was
generated by GNU Autoconf 2.71.  Invocation command line was

  $ ../configure --prefix=/home/samastua/Documents/TEC/Embebidos/Git/Taller-4/build/usr/

## --------- ##
## Platform. ##
## --------- ##

hostname = samastua-Inspiron-15-3567
uname -m = x86_64
uname -r = 5.19.0-35-generic
uname -s = Linux
uname -v = #36~22.04.1-Ubuntu SMP PREEMPT_DYNAMIC Fri Feb 17 15:17:25 UTC 2

/usr/bin/uname -p = x86_64
/bin/uname -X     = unknown

/bin/arch              = x86_64
/usr/bin/arch -k       = unknown
/usr/convex/getsysinfo = unknown
/usr/bin/hostinfo      = unknown
/bin/machine           = unknown
/usr/bin/oslevel       = unknown
/bin/universe          = unknown

PATH: /home/samastua/.yarn/bin/
PATH: /home/samastua/.config/yarn/global/node_modules/.bin/
PATH: /home/samastua/bin/
PATH: /usr/local/sbin/
PATH: /usr/local/bin/
PATH: /usr/sbin/
PATH: /usr/bin/
PATH: /sbin/
PATH: /bin/
PATH: /usr/games/
PATH: /usr/local/games/
PATH: /snap/bin/
PATH: /snap/bin/


## ----------- ##
## Core tests. ##
## ----------- ##

configure:2353: looking for aux files: config.guess config.sub ltmain.sh ar-lib compile missing install-sh
configure:2366:  trying ../build-aux/
configure:2395:   ../build-aux/config.guess found
configure:2395:   ../build-aux/config.sub found
configure:2395:   ../build-aux/ltmain.sh found
configure:2395:   ../build-aux/ar-lib found
configure:2395:   ../build-aux/compile found
configure:2395:   ../build-aux/missing found
configure:2377:   ../build-aux/install-sh found
configure:2526: checking for a BSD-compatible install
configure:2599: result: /usr/bin/install -c
configure:2610: checking whether build environment is sane
configure:2665: result: yes
configure:2824: checking for a race-free mkdir -p
configure:2868: result: /usr/bin/mkdir -p
configure:2875: checking for gawk
configure:2896: found /usr/bin/gawk
configure:2907: result: gawk
configure:2918: checking whether make sets $(MAKE)
configure:2941: result: yes
configure:2971: checking whether make supports nested variables
configure:2989: result: yes
configure:3187: checking for gcc
configure:3208: found /usr/bin/gcc
configure:3219: result: gcc
configure:3572: checking for C compiler version
configure:3581: gcc --version >&5
gcc (Ubuntu 11.3.0-1ubuntu1~22.04) 11.3.0
Copyright (C) 2021 Free Software Foundation, Inc.
This is free software; see the source for copying conditions.  There is NO
warranty; not even for MERCHANTABILITY or FITNESS FOR A PARTICULAR PURPOSE.

configure:3592: $? = 0
configure:3581: gcc -v >&5
Using built-in specs.
COLLECT_GCC=gcc
COLLECT_LTO_WRAPPER=/usr/lib/gcc/x86_64-linux-gnu/11/lto-wrapper
OFFLOAD_TARGET_NAMES=nvptx-none:amdgcn-amdhsa
OFFLOAD_TARGET_DEFAULT=1
Target: x86_64-linux-gnu
Configured with: ../src/configure -v --with-pkgversion='Ubuntu 11.3.0-1ubuntu1~22.04' --with-bugurl=file:///usr/share/doc/gcc-11/README.Bugs --enable-languages=c,ada,c++,go,brig,d,fortran,objc,obj-c++,m2 --prefix=/usr --with-gcc-major-version-only --program-suffix=-11 --program-prefix=x86_64-linux-gnu- --enable-shared --enable-linker-build-id --libexecdir=/usr/lib --without-included-gettext --enable-threads=posix --libdir=/usr/lib --enable-nls --enable-bootstrap --enable-clocale=gnu --enable-libstdcxx-debug --enable-libstdcxx-time=yes --with-default-libstdcxx-abi=new --enable-gnu-unique-object --disable-vtable-verify --enable-plugin --enable-default-pie --with-system-zlib --enable-libphobos-checking=release --with-target-system-zlib=auto --enable-objc-gc=auto --enable-multiarch --disable-werror --enable-cet --with-arch-32=i686 --with-abi=m64 --with-multilib-list=m32,m64,mx32 --enable-multilib --with-tune=generic --enable-offload-targets=nvptx-none=/build/gcc-11-xKiWfi/gcc-11-11.3.0/debian/tmp-nvptx/usr,amdgcn-amdhsa=/build/gcc-11-xKiWfi/gcc-11-11.3.0/debian/tmp-gcn/usr --without-cuda-driver --enable-checking=release --build=x86_64-linux-gnu --host=x86_64-linux-gnu --target=x86_64-linux-gnu --with-build-config=bootstrap-lto-lean --enable-link-serialization=2
Thread model: posix
Supported LTO compression algorithms: zlib zstd
gcc version 11.3.0 (Ubuntu 11.3.0-1ubuntu1~22.04) 
... rest of stderr output deleted ...
configure:3592: $? = 0
configure:3581: gcc -V >&5
gcc: error: unrecognized command-line option '-V'
gcc: fatal error: no input files
compilation terminated.
configure:3592: $? = 1
configure:3581: gcc -qversion >&5
gcc: error: unrecognized command-line option '-qversion'; did you mean '--version'?
gcc: fatal error: no input files
compilation terminated.
configure:3592: $? = 1
configure:3581: gcc -version >&5
gcc: error: unrecognized command-line option '-version'
gcc: fatal error: no input files
compilation terminated.
configure:3592: $? = 1
configure:3612: checking whether the C compiler works
configure:3634: gcc    conftest.c  >&5
configure:3638: $? = 0
configure:3688: result: yes
configure:3691: checking for C compiler default output file name
configure:3693: result: a.out
configure:3699: checking for suffix of executables
configure:3706: gcc -o conftest    conftest.c  >&5
configure:3710: $? = 0
configure:3733: result: 
configure:3755: checking whether we are cross compiling
configure:3763: gcc -o conftest    conftest.c  >&5
configure:3767: $? = 0
configure:3774: ./conftest
configure:3778: $? = 0
configure:3793: result: no
configure:3798: checking for suffix of object files
configure:3821: gcc -c   conftest.c >&5
configure:3825: $? = 0
configure:3847: result: o
configure:3851: checking whether the compiler supports GNU C
configure:3871: gcc -c   conftest.c >&5
configure:3871: $? = 0
configure:3881: result: yes
configure:3892: checking whether gcc accepts -g
configure:3913: gcc -c -g  conftest.c >&5
configure:3913: $? = 0
configure:3957: result: yes
configure:3977: checking for gcc option to enable C11 features
configure:3992: gcc  -c -g -O2  conftest.c >&5
configure:3992: $? = 0
configure:4010: result: none needed
configure:4126: checking whether gcc understands -c and -o together
configure:4149: gcc -c conftest.c -o conftest2.o
configure:4152: $? = 0
configure:4149: gcc -c conftest.c -o conftest2.o
configure:4152: $? = 0
configure:4164: result: yes
configure:4184: checking whether make supports the include directive
configure:4199: make -f confmf.GNU && cat confinc.out
this is the am__doit target
configure:4202: $? = 0
configure:4221: result: yes (GNU style)
configure:4247: checking dependency style of gcc
configure:4359: result: gcc3
configure:4430: checking for ar
configure:4451: found /usr/bin/ar
configure:4462: result: ar
configure:4488: checking the archiver (ar) interface
configure:4505: gcc -c -g -O2  conftest.c >&5
configure:4505: $? = 0
configure:4508: ar cru libconftest.a conftest.o >&5
ar: `u' modifier ignored since `D' is the default (see `U')
configure:4511: $? = 0
configure:4539: result: ar
configure:4591: checking build system type
configure:4606: result: x86_64-pc-linux-gnu
configure:4626: checking host system type
configure:4640: result: x86_64-pc-linux-gnu
configure:4681: checking how to print strings
configure:4708: result: printf
configure:4729: checking for a sed that does not truncate output
configure:4799: result: /usr/bin/sed
configure:4817: checking for grep that handles long lines and -e
configure:4881: result: /usr/bin/grep
configure:4886: checking for egrep
configure:4954: result: /usr/bin/grep -E
configure:4959: checking for fgrep
configure:5027: result: /usr/bin/grep -F
configure:5063: checking for ld used by gcc
configure:5131: result: /usr/bin/ld
configure:5138: checking if the linker (/usr/bin/ld) is GNU ld
configure:5154: result: yes
configure:5166: checking for BSD- or MS-compatible name lister (nm)
configure:5221: result: /usr/bin/nm -B
configure:5361: checking the name lister (/usr/bin/nm -B) interface
configure:5369: gcc -c -g -O2  conftest.c >&5
configure:5372: /usr/bin/nm -B "conftest.o"
configure:5375: output
0000000000000000 B some_variable
configure:5382: result: BSD nm
configure:5385: checking whether ln -s works
configure:5389: result: yes
configure:5397: checking the maximum length of command line arguments
configure:5529: result: 1572864
configure:5577: checking how to convert x86_64-pc-linux-gnu file names to x86_64-pc-linux-gnu format
configure:5618: result: func_convert_file_noop
configure:5625: checking how to convert x86_64-pc-linux-gnu file names to toolchain format
configure:5646: result: func_convert_file_noop
configure:5653: checking for /usr/bin/ld option to reload object files
configure:5661: result: -r
configure:5740: checking for objdump
configure:5761: found /usr/bin/objdump
configure:5772: result: objdump
configure:5804: checking how to recognize dependent libraries
configure:6005: result: pass_all
configure:6095: checking for dlltool
configure:6130: result: no
configure:6160: checking how to associate runtime and link libraries
configure:6188: result: printf %s\n
configure:6322: checking for archiver @FILE support
configure:6340: gcc -c -g -O2  conftest.c >&5
configure:6340: $? = 0
configure:6344: ar cr libconftest.a @conftest.lst >&5
configure:6347: $? = 0
configure:6352: ar cr libconftest.a @conftest.lst >&5
ar: conftest.o: No such file or directory
configure:6355: $? = 1
configure:6367: result: @
configure:6430: checking for strip
configure:6451: found /usr/bin/strip
configure:6462: result: strip
configure:6539: checking for ranlib
configure:6560: found /usr/bin/ranlib
configure:6571: result: ranlib
configure:6673: checking command to parse /usr/bin/nm -B output from gcc object
configure:6827: gcc -c -g -O2  conftest.c >&5
configure:6830: $? = 0
configure:6834: /usr/bin/nm -B conftest.o | sed -n -e 's/^.*[	 ]\([ABCDGIRSTW][ABCDGIRSTW]*\)[	 ][	 ]*\([_A-Za-z][_A-Za-z0-9]*\)$/\1 \2 \2/p' | sed '/ __gnu_lto/d' > conftest.nm
configure:6900: gcc -o conftest -g -O2   conftest.c conftstm.o >&5
configure:6903: $? = 0
configure:6941: result: ok
configure:6988: checking for sysroot
configure:7019: result: no
configure:7026: checking for a working dd
configure:7070: result: /usr/bin/dd
configure:7074: checking how to truncate binary pipes
configure:7090: result: /usr/bin/dd bs=4096 count=1
configure:7227: gcc -c -g -O2  conftest.c >&5
configure:7230: $? = 0
configure:7427: checking for mt
configure:7448: found /usr/bin/mt
configure:7459: result: mt
configure:7482: checking if mt is a manifest tool
configure:7489: mt '-?'
configure:7497: result: no
configure:8227: checking for stdio.h
configure:8227: gcc -c -g -O2  conftest.c >&5
configure:8227: $? = 0
configure:8227: result: yes
configure:8227: checking for stdlib.h
configure:8227: gcc -c -g -O2  conftest.c >&5
configure:8227: $? = 0
configure:8227: result: yes
configure:8227: checking for string.h
configure:8227: gcc -c -g -O2  conftest.c >&5
configure:8227: $? = 0
configure:8227: result: yes
configure:8227: checking for inttypes.h
configure:8227: gcc -c -g -O2  conftest.c >&5
configure:8227: $? = 0
configure:8227: result: yes
configure:8227: checking for stdint.h
configure:8227: gcc -c -g -O2  conftest.c >&5
configure:8227: $? = 0
configure:8227: result: yes
configure:8227: checking for strings.h
configure:8227: gcc -c -g -O2  conftest.c >&5
configure:8227: $? = 0
configure:8227: result: yes
configure:8227: checking for sys/stat.h
configure:8227: gcc -c -g -O2  conftest.c >&5
configure:8227: $? = 0
configure:8227: result: yes
configure:8227: checking for sys/types.h
configure:8227: gcc -c -g -O2  conftest.c >&5
configure:8227: $? = 0
configure:8227: result: yes
configure:8227: checking for unistd.h
configure:8227: gcc -c -g -O2  conftest.c >&5
configure:8227: $? = 0
configure:8227: result: yes
configure:8252: checking for dlfcn.h
configure:8252: gcc -c -g -O2  conftest.c >&5
configure:8252: $? = 0
configure:8252: result: yes
configure:8511: checking for objdir
configure:8527: result: .libs
configure:8791: checking if gcc supports -fno-rtti -fno-exceptions
configure:8810: gcc -c -g -O2  -fno-rtti -fno-exceptions conftest.c >&5
cc1: warning: command-line option '-fno-rtti' is valid for C++/D/ObjC++ but not for C
configure:8814: $? = 0
configure:8827: result: no
configure:9191: checking for gcc option to produce PIC
configure:9199: result: -fPIC -DPIC
configure:9207: checking if gcc PIC flag -fPIC -DPIC works
configure:9226: gcc -c -g -O2  -fPIC -DPIC -DPIC conftest.c >&5
configure:9230: $? = 0
configure:9243: result: yes
configure:9272: checking if gcc static flag -static works
configure:9301: result: yes
configure:9316: checking if gcc supports -c -o file.o
configure:9338: gcc -c -g -O2  -o out/conftest2.o conftest.c >&5
configure:9342: $? = 0
configure:9364: result: yes
configure:9372: checking if gcc supports -c -o file.o
configure:9420: result: yes
configure:9453: checking whether the gcc linker (/usr/bin/ld -m elf_x86_64) supports shared libraries
configure:10723: result: yes
configure:10760: checking whether -lc should be explicitly linked in
configure:10769: gcc -c -g -O2  conftest.c >&5
configure:10772: $? = 0
configure:10787: gcc -shared  -fPIC -DPIC conftest.o  -v -Wl,-soname -Wl,conftest -o conftest 2\>\&1 \| /usr/bin/grep  -lc  \>/dev/null 2\>\&1
configure:10790: $? = 0
configure:10804: result: no
configure:10964: checking dynamic linker characteristics
configure:11546: gcc -o conftest -g -O2   -Wl,-rpath -Wl,/foo conftest.c  >&5
configure:11546: $? = 0
configure:11797: result: GNU/Linux ld.so
configure:11919: checking how to hardcode library paths into programs
configure:11944: result: immediate
configure:12496: checking whether stripping libraries is possible
configure:12501: result: yes
configure:12536: checking if libtool supports shared libraries
configure:12538: result: yes
configure:12541: checking whether to build shared libraries
configure:12566: result: yes
configure:12569: checking whether to build static libraries
configure:12573: result: yes
configure:12715: checking that generated files are newer than configure
configure:12721: result: done
configure:12744: creating ./config.status

## ---------------------- ##
## Running config.status. ##
## ---------------------- ##

This file was extended by liboperaciones config.status 1.0, which was
generated by GNU Autoconf 2.71.  Invocation command line was

  CONFIG_FILES    = 
  CONFIG_HEADERS  = 
  CONFIG_LINKS    = 
  CONFIG_COMMANDS = 
  $ ./config.status 

on samastua-Inspiron-15-3567

config.status:1081: creating Makefile
config.status:1081: creating lib/Makefile
config.status:1081: creating src/Makefile
config.status:1081: creating config.h
config.status:1295: executing depfiles commands
config.status:1372: cd lib       && sed -e '/# am--include-marker/d' Makefile         | make -f - am--depfiles
config.status:1377: $? = 0
config.status:1372: cd src       && sed -e '/# am--include-marker/d' Makefile         | make -f - am--depfiles
config.status:1377: $? = 0
config.status:1295: executing libtool commands

## ---------------- ##
## Cache variables. ##
## ---------------- ##

ac_cv_build=x86_64-pc-linux-gnu
ac_cv_c_compiler_gnu=yes
ac_cv_env_CC_set=
ac_cv_env_CC_value=
ac_cv_env_CFLAGS_set=
ac_cv_env_CFLAGS_value=
ac_cv_env_CPPFLAGS_set=
ac_cv_env_CPPFLAGS_value=
ac_cv_env_LDFLAGS_set=
ac_cv_env_LDFLAGS_value=
ac_cv_env_LIBS_set=
ac_cv_env_LIBS_value=
ac_cv_env_LT_SYS_LIBRARY_PATH_set=
ac_cv_env_LT_SYS_LIBRARY_PATH_value=
ac_cv_env_build_alias_set=
ac_cv_env_build_alias_value=
ac_cv_env_host_alias_set=
ac_cv_env_host_alias_value=
ac_cv_env_target_alias_set=
ac_cv_env_target_alias_value=
ac_cv_header_dlfcn_h=yes
ac_cv_header_inttypes_h=yes
ac_cv_header_stdint_h=yes
ac_cv_header_stdio_h=yes
ac_cv_header_stdlib_h=yes
ac_cv_header_string_h=yes
ac_cv_header_strings_h=yes
ac_cv_header_sys_stat_h=yes
ac_cv_header_sys_types_h=yes
ac_cv_header_unistd_h=yes
ac_cv_host=x86_64-pc-linux-gnu
ac_cv_objext=o
ac_cv_path_EGREP='/usr/bin/grep -E'
ac_cv_path_FGREP='/usr/bin/grep -F'
ac_cv_path_GREP=/usr/bin/grep
ac_cv_path_SED=/usr/bin/sed
ac_cv_path_install='/usr/bin/install -c'
ac_cv_path_lt_DD=/usr/bin/dd
ac_cv_path_mkdir=/usr/bin/mkdir
ac_cv_prog_AWK=gawk
ac_cv_prog_ac_ct_AR=ar
ac_cv_prog_ac_ct_CC=gcc
ac_cv_prog_ac_ct_MANIFEST_TOOL=mt
ac_cv_prog_ac_ct_OBJDUMP=objdump
ac_cv_prog_ac_ct_RANLIB=ranlib
ac_cv_prog_ac_ct_STRIP=strip
ac_cv_prog_cc_c11=
ac_cv_prog_cc_g=yes
ac_cv_prog_cc_stdc=
ac_cv_prog_make_make_set=yes
am_cv_CC_dependencies_compiler_type=gcc3
am_cv_ar_interface=ar
am_cv_make_support_nested_variables=yes
am_cv_prog_cc_c_o=yes
lt_cv_ar_at_file=@
lt_cv_archive_cmds_need_lc=no
lt_cv_deplibs_check_method=pass_all
lt_cv_file_magic_cmd='$MAGIC_CMD'
lt_cv_file_magic_test_file=
lt_cv_ld_reload_flag=-r
lt_cv_nm_interface='BSD nm'
lt_cv_objdir=.libs
lt_cv_path_LD=/usr/bin/ld
lt_cv_path_NM='/usr/bin/nm -B'
lt_cv_path_mainfest_tool=no
lt_cv_prog_compiler_c_o=yes
lt_cv_prog_compiler_pic='-fPIC -DPIC'
lt_cv_prog_compiler_pic_works=yes
lt_cv_prog_compiler_rtti_exceptions=no
lt_cv_prog_compiler_static_works=yes
lt_cv_prog_gnu_ld=yes
lt_cv_sharedlib_from_linklib_cmd='printf %s\n'
lt_cv_shlibpath_overrides_runpath=yes
lt_cv_sys_global_symbol_pipe='sed -n -e '\''s/^.*[	 ]\([ABCDGIRSTW][ABCDGIRSTW]*\)[	 ][	 ]*\([_A-Za-z][_A-Za-z0-9]*\)$/\1 \2 \2/p'\'' | sed '\''/ __gnu_lto/d'\'''
lt_cv_sys_global_symbol_to_c_name_address='sed -n -e '\''s/^: \(.*\) .*$/  {"\1", (void *) 0},/p'\'' -e '\''s/^[ABCDGIRSTW][ABCDGIRSTW]* .* \(.*\)$/  {"\1", (void *) \&\1},/p'\'''
lt_cv_sys_global_symbol_to_c_name_address_lib_prefix='sed -n -e '\''s/^: \(.*\) .*$/  {"\1", (void *) 0},/p'\'' -e '\''s/^[ABCDGIRSTW][ABCDGIRSTW]* .* \(lib.*\)$/  {"\1", (void *) \&\1},/p'\'' -e '\''s/^[ABCDGIRSTW][ABCDGIRSTW]* .* \(.*\)$/  {"lib\1", (void *) \&\1},/p'\'''
lt_cv_sys_global_symbol_to_cdecl='sed -n -e '\''s/^T .* \(.*\)$/extern int \1();/p'\'' -e '\''s/^[ABCDGIRSTW][ABCDGIRSTW]* .* \(.*\)$/extern char \1;/p'\'''
lt_cv_sys_global_symbol_to_import=
lt_cv_sys_max_cmd_len=1572864
lt_cv_to_host_file_cmd=func_convert_file_noop
lt_cv_to_tool_file_cmd=func_convert_file_noop
lt_cv_truncate_bin='/usr/bin/dd bs=4096 count=1'

## ----------------- ##
## Output variables. ##
## ----------------- ##

ACLOCAL='${SHELL} '\''/home/samastua/Documents/TEC/Embebidos/Git/Taller-4/build-aux/missing'\'' aclocal-1.16'
AMDEPBACKSLASH='\'
AMDEP_FALSE='#'
AMDEP_TRUE=''
AMTAR='$${TAR-tar}'
AM_BACKSLASH='\'
AM_DEFAULT_V='$(AM_DEFAULT_VERBOSITY)'
AM_DEFAULT_VERBOSITY='1'
AM_V='$(V)'
AR='ar'
AUTOCONF='${SHELL} '\''/home/samastua/Documents/TEC/Embebidos/Git/Taller-4/build-aux/missing'\'' autoconf'
AUTOHEADER='${SHELL} '\''/home/samastua/Documents/TEC/Embebidos/Git/Taller-4/build-aux/missing'\'' autoheader'
AUTOMAKE='${SHELL} '\''/home/samastua/Documents/TEC/Embebidos/Git/Taller-4/build-aux/missing'\'' automake-1.16'
AWK='gawk'
CC='gcc'
CCDEPMODE='depmode=gcc3'
CFLAGS='-g -O2'
CPPFLAGS=''
CSCOPE='cscope'
CTAGS='ctags'
CYGPATH_W='echo'
DEFS='-DHAVE_CONFIG_H'
DEPDIR='.deps'
DLLTOOL='false'
DSYMUTIL=''
DUMPBIN=''
ECHO_C=''
ECHO_N='-n'
ECHO_T=''
EGREP='/usr/bin/grep -E'
ETAGS='etags'
EXEEXT=''
FGREP='/usr/bin/grep -F'
GREP='/usr/bin/grep'
INSTALL_DATA='${INSTALL} -m 644'
INSTALL_PROGRAM='${INSTALL}'
INSTALL_SCRIPT='${INSTALL}'
INSTALL_STRIP_PROGRAM='$(install_sh) -c -s'
LD='/usr/bin/ld -m elf_x86_64'
LDFLAGS=''
LIBOBJS=''
LIBS=''
LIBTOOL='$(SHELL) $(top_builddir)/libtool'
LIPO=''
LN_S='ln -s'
LTLIBOBJS=''
LT_SYS_LIBRARY_PATH=''
MAKEINFO='${SHELL} '\''/home/samastua/Documents/TEC/Embebidos/Git/Taller-4/build-aux/missing'\'' makeinfo'
MANIFEST_TOOL=':'
MKDIR_P='/usr/bin/mkdir -p'
NM='/usr/bin/nm -B'
NMEDIT=''
OBJDUMP='objdump'
OBJEXT='o'
OTOOL64=''
OTOOL=''
PACKAGE='liboperaciones'
PACKAGE_BUGREPORT='mail@emailprovider'
PACKAGE_NAME='liboperaciones'
PACKAGE_STRING='liboperaciones 1.0'
PACKAGE_TARNAME='liboperaciones'
PACKAGE_URL=''
PACKAGE_VERSION='1.0'
PATH_SEPARATOR=':'
RANLIB='ranlib'
SED='/usr/bin/sed'
SET_MAKE=''
SHELL='/bin/bash'
STRIP='strip'
VERSION='1.0'
ac_ct_AR='ar'
ac_ct_CC='gcc'
ac_ct_DUMPBIN=''
am__EXEEXT_FALSE=''
am__EXEEXT_TRUE='#'
am__fastdepCC_FALSE='#'
am__fastdepCC_TRUE=''
am__include='include'
am__isrc=' -I$(srcdir)'
am__leading_dot='.'
am__nodep='_no'
am__quote=''
am__tar='$${TAR-tar} chof - "$$tardir"'
am__untar='$${TAR-tar} xf -'
bindir='${exec_prefix}/bin'
build='x86_64-pc-linux-gnu'
build_alias=''
build_cpu='x86_64'
build_os='linux-gnu'
build_vendor='pc'
datadir='${datarootdir}'
datarootdir='${prefix}/share'
docdir='${datarootdir}/doc/${PACKAGE_TARNAME}'
dvidir='${docdir}'
exec_prefix='${prefix}'
host='x86_64-pc-linux-gnu'
host_alias=''
host_cpu='x86_64'
host_os='linux-gnu'
host_vendor='pc'
htmldir='${docdir}'
includedir='${prefix}/include'
infodir='${datarootdir}/info'
install_sh='${SHELL} /home/samastua/Documents/TEC/Embebidos/Git/Taller-4/build-aux/install-sh'
libdir='${exec_prefix}/lib'
libexecdir='${exec_prefix}/libexec'
localedir='${datarootdir}/locale'
localstatedir='${prefix}/var'
mandir='${datarootdir}/man'
mkdir_p='$(MKDIR_P)'
oldincludedir='/usr/include'
pdfdir='${docdir}'
prefix='/home/samastua/Documents/TEC/Embebidos/Git/Taller-4/build/usr'
program_transform_name='s,x,x,'
psdir='${docdir}'
runstatedir='${localstatedir}/run'
sbindir='${exec_prefix}/sbin'
sharedstatedir='${prefix}/com'
sysconfdir='${prefix}/etc'
target_alias=''

## ----------- ##
## confdefs.h. ##
## ----------- ##

/* confdefs.h */
#define PACKAGE_NAME "liboperaciones"
#define PACKAGE_TARNAME "liboperaciones"
#define PACKAGE_VERSION "1.0"
#define PACKAGE_STRING "liboperaciones 1.0"
#define PACKAGE_BUGREPORT "mail@emailprovider"
#define PACKAGE_URL ""
#define PACKAGE "liboperaciones"
#define VERSION "1.0"
#define HAVE_STDIO_H 1
#define HAVE_STDLIB_H 1
#define HAVE_STRING_H 1
#define HAVE_INTTYPES_H 1
#define HAVE_STDINT_H 1
#define HAVE_STRINGS_H 1
#define HAVE_SYS_STAT_H 1
#define HAVE_SYS_TYPES_H 1
#define HAVE_UNISTD_H 1
#define STDC_HEADERS 1
#define HAVE_DLFCN_H 1
#define LT_OBJDIR ".libs/"

configure: exit 0
